This is pdfTeX, Version 3.14159265-2.6-1.40.17 (TeX Live 2016) (preloaded format=pdflatex 2016.5.22)  4 MAY 2017 20:12
entering extended mode
 restricted \write18 enabled.
 file:line:error style messages enabled.
 %&-line parsing enabled.
**VTS.tex
(./VTS.tex
LaTeX2e <2016/03/31>
Babel <3.9r> and hyphenation patterns for 83 language(s) loaded.
(/usr/local/texlive/2016/texmf-dist/tex/latex/IEEEtran/IEEEtran.cls
Document Class: IEEEtran 2015/08/26 V1.8b by Michael Shell
-- See the "IEEEtran_HOWTO" manual for usage information.
-- http://www.michaelshell.org/tex/ieeetran/
\@IEEEtrantmpdimenA=\dimen102
\@IEEEtrantmpdimenB=\dimen103
\@IEEEtrantmpdimenC=\dimen104
\@IEEEtrantmpcountA=\count79
\@IEEEtrantmpcountB=\count80
\@IEEEtrantmpcountC=\count81
\@IEEEtrantmptoksA=\toks14
LaTeX Font Info:    Try loading font information for OT1+ptm on input line 503.

(/usr/local/texlive/2016/texmf-dist/tex/latex/psnfss/ot1ptm.fd
File: ot1ptm.fd 2001/06/04 font definitions for OT1/ptm.
)
-- Using 8.5in x 11in (letter) paper.
-- Using PDF output.
\@IEEEnormalsizeunitybaselineskip=\dimen105
-- This is a 10 point document.
\CLASSINFOnormalsizebaselineskip=\dimen106
\CLASSINFOnormalsizeunitybaselineskip=\dimen107
\IEEEnormaljot=\dimen108
LaTeX Font Info:    Font shape `OT1/ptm/bx/n' in size <5> not available
(Font)              Font shape `OT1/ptm/b/n' tried instead on input line 1090.
LaTeX Font Info:    Font shape `OT1/ptm/bx/it' in size <5> not available
(Font)              Font shape `OT1/ptm/b/it' tried instead on input line 1090.

LaTeX Font Info:    Font shape `OT1/ptm/bx/n' in size <7> not available
(Font)              Font shape `OT1/ptm/b/n' tried instead on input line 1090.
LaTeX Font Info:    Font shape `OT1/ptm/bx/it' in size <7> not available
(Font)              Font shape `OT1/ptm/b/it' tried instead on input line 1090.

LaTeX Font Info:    Font shape `OT1/ptm/bx/n' in size <8> not available
(Font)              Font shape `OT1/ptm/b/n' tried instead on input line 1090.
LaTeX Font Info:    Font shape `OT1/ptm/bx/it' in size <8> not available
(Font)              Font shape `OT1/ptm/b/it' tried instead on input line 1090.

LaTeX Font Info:    Font shape `OT1/ptm/bx/n' in size <9> not available
(Font)              Font shape `OT1/ptm/b/n' tried instead on input line 1090.
LaTeX Font Info:    Font shape `OT1/ptm/bx/it' in size <9> not available
(Font)              Font shape `OT1/ptm/b/it' tried instead on input line 1090.

LaTeX Font Info:    Font shape `OT1/ptm/bx/n' in size <10> not available
(Font)              Font shape `OT1/ptm/b/n' tried instead on input line 1090.
LaTeX Font Info:    Font shape `OT1/ptm/bx/it' in size <10> not available
(Font)              Font shape `OT1/ptm/b/it' tried instead on input line 1090.

LaTeX Font Info:    Font shape `OT1/ptm/bx/n' in size <11> not available
(Font)              Font shape `OT1/ptm/b/n' tried instead on input line 1090.
LaTeX Font Info:    Font shape `OT1/ptm/bx/it' in size <11> not available
(Font)              Font shape `OT1/ptm/b/it' tried instead on input line 1090.

LaTeX Font Info:    Font shape `OT1/ptm/bx/n' in size <12> not available
(Font)              Font shape `OT1/ptm/b/n' tried instead on input line 1090.
LaTeX Font Info:    Font shape `OT1/ptm/bx/it' in size <12> not available
(Font)              Font shape `OT1/ptm/b/it' tried instead on input line 1090.

LaTeX Font Info:    Font shape `OT1/ptm/bx/n' in size <17> not available
(Font)              Font shape `OT1/ptm/b/n' tried instead on input line 1090.
LaTeX Font Info:    Font shape `OT1/ptm/bx/it' in size <17> not available
(Font)              Font shape `OT1/ptm/b/it' tried instead on input line 1090.

LaTeX Font Info:    Font shape `OT1/ptm/bx/n' in size <20> not available
(Font)              Font shape `OT1/ptm/b/n' tried instead on input line 1090.
LaTeX Font Info:    Font shape `OT1/ptm/bx/it' in size <20> not available
(Font)              Font shape `OT1/ptm/b/it' tried instead on input line 1090.

LaTeX Font Info:    Font shape `OT1/ptm/bx/n' in size <24> not available
(Font)              Font shape `OT1/ptm/b/n' tried instead on input line 1090.
LaTeX Font Info:    Font shape `OT1/ptm/bx/it' in size <24> not available
(Font)              Font shape `OT1/ptm/b/it' tried instead on input line 1090.

\IEEEquantizedlength=\dimen109
\IEEEquantizedlengthdiff=\dimen110
\IEEEquantizedtextheightdiff=\dimen111
\IEEEilabelindentA=\dimen112
\IEEEilabelindentB=\dimen113
\IEEEilabelindent=\dimen114
\IEEEelabelindent=\dimen115
\IEEEdlabelindent=\dimen116
\IEEElabelindent=\dimen117
\IEEEiednormlabelsep=\dimen118
\IEEEiedmathlabelsep=\dimen119
\IEEEiedtopsep=\skip41
\c@section=\count82
\c@subsection=\count83
\c@subsubsection=\count84
\c@paragraph=\count85
\c@IEEEsubequation=\count86
\abovecaptionskip=\skip42
\belowcaptionskip=\skip43
\c@figure=\count87
\c@table=\count88
\@IEEEeqnnumcols=\count89
\@IEEEeqncolcnt=\count90
\@IEEEsubeqnnumrollback=\count91
\@IEEEquantizeheightA=\dimen120
\@IEEEquantizeheightB=\dimen121
\@IEEEquantizeheightC=\dimen122
\@IEEEquantizeprevdepth=\dimen123
\@IEEEquantizemultiple=\count92
\@IEEEquantizeboxA=\box26
\@IEEEtmpitemindent=\dimen124
\IEEEPARstartletwidth=\dimen125
\c@IEEEbiography=\count93
\@IEEEtranrubishbin=\box27
) (/usr/local/texlive/2016/texmf-dist/tex/latex/natbib/natbib.sty
Package: natbib 2010/09/13 8.31b (PWD, AO)
\bibhang=\skip44
\bibsep=\skip45
LaTeX Info: Redefining \cite on input line 694.
\c@NAT@ctr=\count94
)
(/usr/local/texlive/2016/texmf-dist/tex/latex/doublestroke/dsfont.sty
Package: dsfont 1995/08/01 v0.1 Double stroke roman fonts
)
(/usr/local/texlive/2016/texmf-dist/tex/latex/amsfonts/amssymb.sty
Package: amssymb 2013/01/14 v3.01 AMS font symbols

(/usr/local/texlive/2016/texmf-dist/tex/latex/amsfonts/amsfonts.sty
Package: amsfonts 2013/01/14 v3.01 Basic AMSFonts support
\@emptytoks=\toks15
\symAMSa=\mathgroup4
\symAMSb=\mathgroup5
LaTeX Font Info:    Overwriting math alphabet `\mathfrak' in version `bold'
(Font)                  U/euf/m/n --> U/euf/b/n on input line 106.
))
(/usr/local/texlive/2016/texmf-dist/tex/latex/graphics/graphicx.sty
Package: graphicx 2014/10/28 v1.0g Enhanced LaTeX Graphics (DPC,SPQR)

(/usr/local/texlive/2016/texmf-dist/tex/latex/graphics/keyval.sty
Package: keyval 2014/10/28 v1.15 key=value parser (DPC)
\KV@toks@=\toks16
)
(/usr/local/texlive/2016/texmf-dist/tex/latex/graphics/graphics.sty
Package: graphics 2016/05/09 v1.0r Standard LaTeX Graphics (DPC,SPQR)

(/usr/local/texlive/2016/texmf-dist/tex/latex/graphics/trig.sty
Package: trig 2016/01/03 v1.10 sin cos tan (DPC)
)
(/usr/local/texlive/2016/texmf-dist/tex/latex/graphics-cfg/graphics.cfg
File: graphics.cfg 2016/01/02 v1.10 sample graphics configuration
)
Package graphics Info: Driver file: pdftex.def on input line 96.

(/usr/local/texlive/2016/texmf-dist/tex/latex/pdftex-def/pdftex.def
File: pdftex.def 2011/05/27 v0.06d Graphics/color for pdfTeX

(/usr/local/texlive/2016/texmf-dist/tex/generic/oberdiek/infwarerr.sty
Package: infwarerr 2016/05/16 v1.4 Providing info/warning/error messages (HO)
)
(/usr/local/texlive/2016/texmf-dist/tex/generic/oberdiek/ltxcmds.sty
Package: ltxcmds 2016/05/16 v1.23 LaTeX kernel commands for general use (HO)
)
\Gread@gobject=\count95
))
\Gin@req@height=\dimen126
\Gin@req@width=\dimen127
)
(/usr/local/texlive/2016/texmf-dist/tex/latex/graphics/epsfig.sty
Package: epsfig 1999/02/16 v1.7a (e)psfig emulation (SPQR)
\epsfxsize=\dimen128
\epsfysize=\dimen129
)
(/usr/local/texlive/2016/texmf-dist/tex/latex/cjk/texinput/CJK.sty
Package: CJK 2015/04/18 4.8.4

(/usr/local/texlive/2016/texmf-dist/tex/latex/cjk/texinput/mule/MULEenc.sty
Package: MULEenc 2015/04/18 4.8.4
)
(/usr/local/texlive/2016/texmf-dist/tex/latex/cjk/texinput/CJK.enc
File: CJK.enc 2015/04/18 4.8.4
)
LaTeX Info: Redefining \selectfont on input line 755.
\CJK@indent=\box28
)
(/usr/local/texlive/2016/texmf-dist/tex/latex/amsmath/amsmath.sty
Package: amsmath 2016/03/10 v2.15b AMS math features
\@mathmargin=\skip46

For additional information on amsmath, use the `?' option.
(/usr/local/texlive/2016/texmf-dist/tex/latex/amsmath/amstext.sty
Package: amstext 2000/06/29 v2.01 AMS text

(/usr/local/texlive/2016/texmf-dist/tex/latex/amsmath/amsgen.sty
File: amsgen.sty 1999/11/30 v2.0 generic functions
\@emptytoks=\toks17
\ex@=\dimen130
))
(/usr/local/texlive/2016/texmf-dist/tex/latex/amsmath/amsbsy.sty
Package: amsbsy 1999/11/29 v1.2d Bold Symbols
\pmbraise@=\dimen131
)
(/usr/local/texlive/2016/texmf-dist/tex/latex/amsmath/amsopn.sty
Package: amsopn 2016/03/08 v2.02 operator names
)
\inf@bad=\count96
LaTeX Info: Redefining \frac on input line 199.
\uproot@=\count97
\leftroot@=\count98
LaTeX Info: Redefining \overline on input line 297.
\classnum@=\count99
\DOTSCASE@=\count100
LaTeX Info: Redefining \ldots on input line 394.
LaTeX Info: Redefining \dots on input line 397.
LaTeX Info: Redefining \cdots on input line 518.
\Mathstrutbox@=\box29
\strutbox@=\box30
\big@size=\dimen132
LaTeX Font Info:    Redeclaring font encoding OML on input line 634.
LaTeX Font Info:    Redeclaring font encoding OMS on input line 635.
\macc@depth=\count101
\c@MaxMatrixCols=\count102
\dotsspace@=\muskip10
\c@parentequation=\count103
\dspbrk@lvl=\count104
\tag@help=\toks18
\row@=\count105
\column@=\count106
\maxfields@=\count107
\andhelp@=\toks19
\eqnshift@=\dimen133
\alignsep@=\dimen134
\tagshift@=\dimen135
\tagwidth@=\dimen136
\totwidth@=\dimen137
\lineht@=\dimen138
\@envbody=\toks20
\multlinegap=\skip47
\multlinetaggap=\skip48
\mathdisplay@stack=\toks21
LaTeX Info: Redefining \[ on input line 2739.
LaTeX Info: Redefining \] on input line 2740.
)
(/usr/local/texlive/2016/texmf-dist/tex/latex/multirow/multirow.sty
\bigstrutjot=\dimen139
)
(/usr/local/texlive/2016/texmf-dist/tex/latex/subfigure/subfigure.sty
Package: subfigure 2002/03/15 v2.1.5 subfigure package
\subfigtopskip=\skip49
\subfigcapskip=\skip50
\subfigcaptopadj=\dimen140
\subfigbottomskip=\skip51
\subfigcapmargin=\dimen141
\subfiglabelskip=\skip52
\c@subfigure=\count108
\c@lofdepth=\count109
\c@subtable=\count110
\c@lotdepth=\count111

****************************************
* Local config file subfigure.cfg used *
****************************************
(/usr/local/texlive/2016/texmf-dist/tex/latex/subfigure/subfigure.cfg)
\subfig@top=\skip53
\subfig@bottom=\skip54
)
(./VTS.aux)
\openout1 = `VTS.aux'.

LaTeX Font Info:    Checking defaults for OML/cmm/m/it on input line 19.
LaTeX Font Info:    ... okay on input line 19.
LaTeX Font Info:    Checking defaults for T1/cmr/m/n on input line 19.
LaTeX Font Info:    ... okay on input line 19.
LaTeX Font Info:    Checking defaults for OT1/cmr/m/n on input line 19.
LaTeX Font Info:    ... okay on input line 19.
LaTeX Font Info:    Checking defaults for OMS/cmsy/m/n on input line 19.
LaTeX Font Info:    ... okay on input line 19.
LaTeX Font Info:    Checking defaults for OMX/cmex/m/n on input line 19.
LaTeX Font Info:    ... okay on input line 19.
LaTeX Font Info:    Checking defaults for U/cmr/m/n on input line 19.
LaTeX Font Info:    ... okay on input line 19.
LaTeX Font Info:    Checking defaults for C00/song/m/n on input line 19.
LaTeX Font Info:    ... okay on input line 19.
LaTeX Font Info:    Checking defaults for C05/song/m/n on input line 19.
LaTeX Font Info:    ... okay on input line 19.
LaTeX Font Info:    Checking defaults for C09/song/m/n on input line 19.
LaTeX Font Info:    ... okay on input line 19.
LaTeX Font Info:    Checking defaults for C10/song/m/n on input line 19.
LaTeX Font Info:    ... okay on input line 19.
LaTeX Font Info:    Checking defaults for C20/song/m/n on input line 19.
LaTeX Font Info:    ... okay on input line 19.
LaTeX Font Info:    Checking defaults for C19/song/m/n on input line 19.
LaTeX Font Info:    ... okay on input line 19.
LaTeX Font Info:    Checking defaults for C40/song/m/n on input line 19.
LaTeX Font Info:    ... okay on input line 19.
LaTeX Font Info:    Checking defaults for C42/song/m/n on input line 19.
LaTeX Font Info:    ... okay on input line 19.
LaTeX Font Info:    Checking defaults for C43/song/m/n on input line 19.
LaTeX Font Info:    ... okay on input line 19.
LaTeX Font Info:    Checking defaults for C50/song/m/n on input line 19.
LaTeX Font Info:    ... okay on input line 19.
LaTeX Font Info:    Checking defaults for C52/song/m/n on input line 19.
LaTeX Font Info:    ... okay on input line 19.
LaTeX Font Info:    Checking defaults for C49/song/m/n on input line 19.
LaTeX Font Info:    ... okay on input line 19.
LaTeX Font Info:    Checking defaults for C60/mj/m/n on input line 19.
LaTeX Font Info:    ... okay on input line 19.
LaTeX Font Info:    Checking defaults for C61/mj/m/n on input line 19.
LaTeX Font Info:    ... okay on input line 19.
LaTeX Font Info:    Checking defaults for C63/mj/m/n on input line 19.
LaTeX Font Info:    ... okay on input line 19.
LaTeX Font Info:    Checking defaults for C64/mj/m/n on input line 19.
LaTeX Font Info:    ... okay on input line 19.
LaTeX Font Info:    Checking defaults for C65/mj/m/n on input line 19.
LaTeX Font Info:    ... okay on input line 19.
LaTeX Font Info:    Checking defaults for C70/song/m/n on input line 19.
LaTeX Font Info:    ... okay on input line 19.
LaTeX Font Info:    Checking defaults for C31/song/m/n on input line 19.
LaTeX Font Info:    ... okay on input line 19.
LaTeX Font Info:    Checking defaults for C32/song/m/n on input line 19.
LaTeX Font Info:    ... okay on input line 19.
LaTeX Font Info:    Checking defaults for C33/song/m/n on input line 19.
LaTeX Font Info:    ... okay on input line 19.
LaTeX Font Info:    Checking defaults for C34/song/m/n on input line 19.
LaTeX Font Info:    ... okay on input line 19.
LaTeX Font Info:    Checking defaults for C35/song/m/n on input line 19.
LaTeX Font Info:    ... okay on input line 19.
LaTeX Font Info:    Checking defaults for C36/song/m/n on input line 19.
LaTeX Font Info:    ... okay on input line 19.
LaTeX Font Info:    Checking defaults for C37/song/m/n on input line 19.
LaTeX Font Info:    ... okay on input line 19.
LaTeX Font Info:    Checking defaults for C80/song/m/n on input line 19.
LaTeX Font Info:    ... okay on input line 19.
LaTeX Font Info:    Checking defaults for C81/song/m/n on input line 19.
LaTeX Font Info:    ... okay on input line 19.
LaTeX Font Info:    Checking defaults for C01/song/m/n on input line 19.
LaTeX Font Info:    ... okay on input line 19.
LaTeX Font Info:    Checking defaults for C11/song/m/n on input line 19.
LaTeX Font Info:    ... okay on input line 19.
LaTeX Font Info:    Checking defaults for C21/song/m/n on input line 19.
LaTeX Font Info:    ... okay on input line 19.
LaTeX Font Info:    Checking defaults for C41/song/m/n on input line 19.
LaTeX Font Info:    ... okay on input line 19.
LaTeX Font Info:    Checking defaults for C62/song/m/n on input line 19.
LaTeX Font Info:    ... okay on input line 19.

-- Lines per column: 58 (exact).
(/usr/local/texlive/2016/texmf-dist/tex/context/base/mkii/supp-pdf.mkii
[Loading MPS to PDF converter (version 2006.09.02).]
\scratchcounter=\count112
\scratchdimen=\dimen142
\scratchbox=\box31
\nofMPsegments=\count113
\nofMParguments=\count114
\everyMPshowfont=\toks22
\MPscratchCnt=\count115
\MPscratchDim=\dimen143
\MPnumerator=\count116
\makeMPintoPDFobject=\count117
\everyMPtoPDFconversion=\toks23
) (/usr/local/texlive/2016/texmf-dist/tex/generic/oberdiek/pdftexcmds.sty
Package: pdftexcmds 2016/05/10 v0.21 Utility functions of pdfTeX for LuaTeX (HO
)

(/usr/local/texlive/2016/texmf-dist/tex/generic/oberdiek/ifluatex.sty
Package: ifluatex 2016/05/16 v1.4 Provides the ifluatex switch (HO)
Package ifluatex Info: LuaTeX not detected.
)
(/usr/local/texlive/2016/texmf-dist/tex/generic/oberdiek/ifpdf.sty
Package: ifpdf 2016/05/14 v3.1 Provides the ifpdf switch
)
Package pdftexcmds Info: LuaTeX not detected.
Package pdftexcmds Info: \pdf@primitive is available.
Package pdftexcmds Info: \pdf@ifprimitive is available.
Package pdftexcmds Info: \pdfdraftmode found.
)
(/usr/local/texlive/2016/texmf-dist/tex/latex/oberdiek/epstopdf-base.sty
Package: epstopdf-base 2016/05/15 v2.6 Base part for package epstopdf

(/usr/local/texlive/2016/texmf-dist/tex/latex/oberdiek/grfext.sty
Package: grfext 2016/05/16 v1.2 Manage graphics extensions (HO)

(/usr/local/texlive/2016/texmf-dist/tex/generic/oberdiek/kvdefinekeys.sty
Package: kvdefinekeys 2016/05/16 v1.4 Define keys (HO)
))
(/usr/local/texlive/2016/texmf-dist/tex/latex/oberdiek/kvoptions.sty
Package: kvoptions 2016/05/16 v3.12 Key value format for package options (HO)

(/usr/local/texlive/2016/texmf-dist/tex/generic/oberdiek/kvsetkeys.sty
Package: kvsetkeys 2016/05/16 v1.17 Key value parser (HO)

(/usr/local/texlive/2016/texmf-dist/tex/generic/oberdiek/etexcmds.sty
Package: etexcmds 2016/05/16 v1.6 Avoid name clashes with e-TeX commands (HO)
Package etexcmds Info: Could not find \expanded.
(etexcmds)             That can mean that you are not using pdfTeX 1.50 or
(etexcmds)             that some package has redefined \expanded.
(etexcmds)             In the latter case, load this package earlier.
)))
Package grfext Info: Graphics extension search list:
(grfext)             [.png,.pdf,.jpg,.mps,.jpeg,.jbig2,.jb2,.PNG,.PDF,.JPG,.JPE
G,.JBIG2,.JB2,.eps]
(grfext)             \AppendGraphicsExtensions on input line 456.

(/usr/local/texlive/2016/texmf-dist/tex/latex/latexconfig/epstopdf-sys.cfg
File: epstopdf-sys.cfg 2010/07/13 v1.3 Configuration of (r)epstopdf for TeX Liv
e
))
Package epstopdf Info: Source file: <building.eps>
(epstopdf)                    date: 2017-03-31 11:32:04
(epstopdf)                    size: 287799 bytes
(epstopdf)             Output file: <building-eps-converted-to.pdf>
(epstopdf)                    date: 2017-04-24 13:33:57
(epstopdf)                    size: 50728 bytes
(epstopdf)             Command: <repstopdf --outfile=building-eps-converted-to.
pdf building.eps>
(epstopdf)             \includegraphics on input line 55.
Package epstopdf Info: Output file is already uptodate.

<building-eps-converted-to.pdf, id=1, 263.98625pt x 201.75375pt>
File: building-eps-converted-to.pdf Graphic file (type pdf)

<use building-eps-converted-to.pdf>
Package pdftex.def Info: building-eps-converted-to.pdf used on input line 55.
(pdftex.def)             Requested size: 170.71652pt x 130.47034pt.

Underfull \vbox (badness 1215) has occurred while \output is active []

 [1{/usr/local/texlive/2016/texmf-var/fonts/map/pdftex/updmap/pdftex.map}


 <./building-eps-converted-to.pdf>]
LaTeX Font Info:    Try loading font information for U+msa on input line 62.

(/usr/local/texlive/2016/texmf-dist/tex/latex/amsfonts/umsa.fd
File: umsa.fd 2013/01/14 v3.01 AMS symbols A
)
LaTeX Font Info:    Try loading font information for U+msb on input line 62.

(/usr/local/texlive/2016/texmf-dist/tex/latex/amsfonts/umsb.fd
File: umsb.fd 2013/01/14 v3.01 AMS symbols B
)
Underfull \vbox (badness 10000) has occurred while \output is active []

 [2]
<ShadowFieldDeCorr20.jpg, id=27, 817.0525pt x 587.19376pt>
File: ShadowFieldDeCorr20.jpg Graphic file (type jpg)

<use ShadowFieldDeCorr20.jpg>
Package pdftex.def Info: ShadowFieldDeCorr20.jpg used on input line 101.
(pdftex.def)             Requested size: 227.62204pt x 163.57986pt.
Package epstopdf Info: Source file: <outageArea.eps>
(epstopdf)                    date: 2017-04-11 15:12:41
(epstopdf)                    size: 664523 bytes
(epstopdf)             Output file: <outageArea-eps-converted-to.pdf>
(epstopdf)                    date: 2017-04-24 13:42:32
(epstopdf)                    size: 201439 bytes
(epstopdf)             Command: <repstopdf --outfile=outageArea-eps-converted-t
o.pdf outageArea.eps>
(epstopdf)             \includegraphics on input line 111.
Package epstopdf Info: Output file is already uptodate.

<outageArea-eps-converted-to.pdf, id=28, 915.42pt x 368.37625pt>
File: outageArea-eps-converted-to.pdf Graphic file (type pdf)

<use outageArea-eps-converted-to.pdf>
Package pdftex.def Info: outageArea-eps-converted-to.pdf used on input line 111
.
(pdftex.def)             Requested size: 398.33858pt x 160.29295pt.
Package epstopdf Info: Source file: <systemLayout.eps>
(epstopdf)                    date: 2017-03-27 16:10:52
(epstopdf)                    size: 19878 bytes
(epstopdf)             Output file: <systemLayout-eps-converted-to.pdf>
(epstopdf)                    date: 2017-04-24 13:46:43
(epstopdf)                    size: 7703 bytes
(epstopdf)             Command: <repstopdf --outfile=systemLayout-eps-converted
-to.pdf systemLayout.eps>
(epstopdf)             \includegraphics on input line 124.
Package epstopdf Info: Output file is already uptodate.

<systemLayout-eps-converted-to.pdf, id=29, 1215.54124pt x 445.665pt>
File: systemLayout-eps-converted-to.pdf Graphic file (type pdf)

<use systemLayout-eps-converted-to.pdf>
Package pdftex.def Info: systemLayout-eps-converted-to.pdf used on input line 1
24.
(pdftex.def)             Requested size: 256.0748pt x 93.88481pt.

Overfull \hbox (4.0748pt too wide) in paragraph at lines 124--125
 [][] 
 []

[3 <./ShadowFieldDeCorr20.jpg>]
Package epstopdf Info: Source file: <GridVSRandom.eps>
(epstopdf)                    date: 2017-03-30 10:39:15
(epstopdf)                    size: 342337 bytes
(epstopdf)             Output file: <GridVSRandom-eps-converted-to.pdf>
(epstopdf)                    date: 2017-04-24 13:46:43
(epstopdf)                    size: 63482 bytes
(epstopdf)             Command: <repstopdf --outfile=GridVSRandom-eps-converted
-to.pdf GridVSRandom.eps>
(epstopdf)             \includegraphics on input line 252.
Package epstopdf Info: Output file is already uptodate.

<GridVSRandom-eps-converted-to.pdf, id=40, 1284.8pt x 700.6175pt>
File: GridVSRandom-eps-converted-to.pdf Graphic file (type pdf)

<use GridVSRandom-eps-converted-to.pdf>
Package pdftex.def Info: GridVSRandom-eps-converted-to.pdf used on input line 2
52.
(pdftex.def)             Requested size: 227.62204pt x 124.11726pt.
Package epstopdf Info: Source file: <OutageProbGridVSRandom.eps>
(epstopdf)                    date: 2017-03-30 10:37:16
(epstopdf)                    size: 15054 bytes
(epstopdf)             Output file: <OutageProbGridVSRandom-eps-converted-to.pd
f>
(epstopdf)                    date: 2017-04-24 13:46:44
(epstopdf)                    size: 9230 bytes
(epstopdf)             Command: <repstopdf --outfile=OutageProbGridVSRandom-eps
-converted-to.pdf OutageProbGridVSRandom.eps>
(epstopdf)             \includegraphics on input line 258.
Package epstopdf Info: Output file is already uptodate.

<OutageProbGridVSRandom-eps-converted-to.pdf, id=41, 562.1pt x 421.575pt>
File: OutageProbGridVSRandom-eps-converted-to.pdf Graphic file (type pdf)

<use OutageProbGridVSRandom-eps-converted-to.pdf>
Package pdftex.def Info: OutageProbGridVSRandom-eps-converted-to.pdf used on in
put line 258.
(pdftex.def)             Requested size: 227.62204pt x 170.71764pt.
 [4 <./outageArea-eps-converted-to.pdf> <./systemLayout-eps-converted-to.pdf>]
Package epstopdf Info: Source file: <NBMax1000OutageProbCDFiid.eps>
(epstopdf)                    date: 2017-04-07 10:15:30
(epstopdf)                    size: 421568 bytes
(epstopdf)             Output file: <NBMax1000OutageProbCDFiid-eps-converted-to
.pdf>
(epstopdf)                    date: 2017-04-24 13:46:44
(epstopdf)                    size: 86858 bytes
(epstopdf)             Command: <repstopdf --outfile=NBMax1000OutageProbCDFiid-
eps-converted-to.pdf NBMax1000OutageProbCDFiid.eps>
(epstopdf)             \includegraphics on input line 270.
Package epstopdf Info: Output file is already uptodate.

<NBMax1000OutageProbCDFiid-eps-converted-to.pdf, id=66, 898.35625pt x 594.22pt>
File: NBMax1000OutageProbCDFiid-eps-converted-to.pdf Graphic file (type pdf)
<use NBMax1000OutageProbCDFiid-eps-converted-to.pdf>
Package pdftex.def Info: NBMax1000OutageProbCDFiid-eps-converted-to.pdf used on
 input line 270.
(pdftex.def)             Requested size: 156.49014pt x 103.50949pt.
Package epstopdf Info: Source file: <NBMax1000OutageProbCDFDeCorr20.eps>
(epstopdf)                    date: 2017-04-07 10:15:30
(epstopdf)                    size: 410607 bytes
(epstopdf)             Output file: <NBMax1000OutageProbCDFDeCorr20-eps-convert
ed-to.pdf>
(epstopdf)                    date: 2017-04-24 13:46:45
(epstopdf)                    size: 77052 bytes
(epstopdf)             Command: <repstopdf --outfile=NBMax1000OutageProbCDFDeCo
rr20-eps-converted-to.pdf NBMax1000OutageProbCDFDeCorr20.eps>
(epstopdf)             \includegraphics on input line 276.
Package epstopdf Info: Output file is already uptodate.

<NBMax1000OutageProbCDFDeCorr20-eps-converted-to.pdf, id=67, 898.35625pt x 594.
22pt>
File: NBMax1000OutageProbCDFDeCorr20-eps-converted-to.pdf Graphic file (type pd
f)
 <use NBMax1000OutageProbCDFDeCorr20-eps-converted-to.pdf>
Package pdftex.def Info: NBMax1000OutageProbCDFDeCorr20-eps-converted-to.pdf us
ed on input line 276.
(pdftex.def)             Requested size: 156.49014pt x 103.50949pt.

Underfull \hbox (badness 1946) in paragraph at lines 276--276
[]\OT1/ptm/m/n/8 (b) Cor-re-lated shadow fad-ing with $\OT1/cmr/m/n/8 20\OML/cm
m/m/it/8 m$ \OT1/ptm/m/n/8 de-
 []

Package epstopdf Info: Source file: <NBMax1000OutageProbCDFDeCorr200.eps>
(epstopdf)                    date: 2017-04-07 10:15:30
(epstopdf)                    size: 414026 bytes
(epstopdf)             Output file: <NBMax1000OutageProbCDFDeCorr200-eps-conver
ted-to.pdf>
(epstopdf)                    date: 2017-04-24 13:46:45
(epstopdf)                    size: 79895 bytes
(epstopdf)             Command: <repstopdf --outfile=NBMax1000OutageProbCDFDeCo
rr200-eps-converted-to.pdf NBMax1000OutageProbCDFDeCorr200.eps>
(epstopdf)             \includegraphics on input line 282.
Package epstopdf Info: Output file is already uptodate.

<NBMax1000OutageProbCDFDeCorr200-eps-converted-to.pdf, id=68, 898.35625pt x 594
.22pt>
File: NBMax1000OutageProbCDFDeCorr200-eps-converted-to.pdf Graphic file (type p
df)
 <use NBMax1000OutageProbCDFDeCorr200-eps-converted-to.pdf>
Package pdftex.def Info: NBMax1000OutageProbCDFDeCorr200-eps-converted-to.pdf u
sed on input line 282.
(pdftex.def)             Requested size: 156.49014pt x 103.50949pt.
Package epstopdf Info: Source file: <MaxMax1000OutageProbCDFiid.eps>
(epstopdf)                    date: 2017-04-07 10:15:30
(epstopdf)                    size: 1281466 bytes
(epstopdf)             Output file: <MaxMax1000OutageProbCDFiid-eps-converted-t
o.pdf>
(epstopdf)                    date: 2017-04-24 13:46:46
(epstopdf)                    size: 108315 bytes
(epstopdf)             Command: <repstopdf --outfile=MaxMax1000OutageProbCDFiid
-eps-converted-to.pdf MaxMax1000OutageProbCDFiid.eps>
(epstopdf)             \includegraphics on input line 293.
Package epstopdf Info: Output file is already uptodate.

<MaxMax1000OutageProbCDFiid-eps-converted-to.pdf, id=69, 898.35625pt x 593.2162
5pt>
File: MaxMax1000OutageProbCDFiid-eps-converted-to.pdf Graphic file (type pdf)
 <use MaxMax1000OutageProbCDFiid-eps-converted-to.pdf>
Package pdftex.def Info: MaxMax1000OutageProbCDFiid-eps-converted-to.pdf used o
n input line 293.
(pdftex.def)             Requested size: 156.49014pt x 103.33466pt.
Package epstopdf Info: Source file: <MaxMax1000OutageProbCDFDeCorr20.eps>
(epstopdf)                    date: 2017-04-07 10:15:30
(epstopdf)                    size: 319686 bytes
(epstopdf)             Output file: <MaxMax1000OutageProbCDFDeCorr20-eps-conver
ted-to.pdf>
(epstopdf)                    date: 2017-04-24 13:46:46
(epstopdf)                    size: 57517 bytes
(epstopdf)             Command: <repstopdf --outfile=MaxMax1000OutageProbCDFDeC
orr20-eps-converted-to.pdf MaxMax1000OutageProbCDFDeCorr20.eps>
(epstopdf)             \includegraphics on input line 299.
Package epstopdf Info: Output file is already uptodate.

<MaxMax1000OutageProbCDFDeCorr20-eps-converted-to.pdf, id=70, 900.36375pt x 594
.22pt>
File: MaxMax1000OutageProbCDFDeCorr20-eps-converted-to.pdf Graphic file (type p
df)
 <use MaxMax1000OutageProbCDFDeCorr20-eps-converted-to.pdf>
Package pdftex.def Info: MaxMax1000OutageProbCDFDeCorr20-eps-converted-to.pdf u
sed on input line 299.
(pdftex.def)             Requested size: 156.49014pt x 103.27376pt.

Underfull \hbox (badness 1946) in paragraph at lines 299--299
[]\OT1/ptm/m/n/8 (b) Cor-re-lated shadow fad-ing with $\OT1/cmr/m/n/8 20\OML/cm
m/m/it/8 m$ \OT1/ptm/m/n/8 de-
 []

Package epstopdf Info: Source file: <MaxMax1000OutageProbCDFDeCorr200.eps>
(epstopdf)                    date: 2017-04-07 10:15:30
(epstopdf)                    size: 327724 bytes
(epstopdf)             Output file: <MaxMax1000OutageProbCDFDeCorr200-eps-conve
rted-to.pdf>
(epstopdf)                    date: 2017-04-24 13:46:47
(epstopdf)                    size: 60005 bytes
(epstopdf)             Command: <repstopdf --outfile=MaxMax1000OutageProbCDFDeC
orr200-eps-converted-to.pdf MaxMax1000OutageProbCDFDeCorr200.eps>
(epstopdf)             \includegraphics on input line 305.
Package epstopdf Info: Output file is already uptodate.

<MaxMax1000OutageProbCDFDeCorr200-eps-converted-to.pdf, id=71, 901.3675pt x 594
.22pt>
File: MaxMax1000OutageProbCDFDeCorr200-eps-converted-to.pdf Graphic file (type 
pdf)
 <use MaxMax1000OutageProbCDFDeCorr200-eps-converted-to.pdf>
Package pdftex.def Info: MaxMax1000OutageProbCDFDeCorr200-eps-converted-to.pdf 
used on input line 305.
(pdftex.def)             Requested size: 156.49014pt x 103.16495pt.
Package epstopdf Info: Source file: <NBMax1000OutageProbThresh-5iid.eps>
(epstopdf)                    date: 2017-04-07 10:15:30
(epstopdf)                    size: 24987 bytes
(epstopdf)             Output file: <NBMax1000OutageProbThresh-5iid-eps-convert
ed-to.pdf>
(epstopdf)                    date: 2017-04-24 13:46:48
(epstopdf)                    size: 10448 bytes
(epstopdf)             Command: <repstopdf --outfile=NBMax1000OutageProbThresh-
5iid-eps-converted-to.pdf NBMax1000OutageProbThresh-5iid.eps>
(epstopdf)             \includegraphics on input line 316.
Package epstopdf Info: Output file is already uptodate.

<NBMax1000OutageProbThresh-5iid-eps-converted-to.pdf, id=72, 562.1pt x 421.575p
t>
File: NBMax1000OutageProbThresh-5iid-eps-converted-to.pdf Graphic file (type pd
f)
 <use NBMax1000OutageProbThresh-5iid-eps-converted-to.pdf>
Package pdftex.def Info: NBMax1000OutageProbThresh-5iid-eps-converted-to.pdf us
ed on input line 316.
(pdftex.def)             Requested size: 256.0748pt x 192.05493pt.

Overfull \hbox (4.0748pt too wide) in paragraph at lines 316--317
 [][] 
 []

Package epstopdf Info: Source file: <MaxMax1000OutageProbThresh-5iid.eps>
(epstopdf)                    date: 2017-04-07 10:15:30
(epstopdf)                    size: 24404 bytes
(epstopdf)             Output file: <MaxMax1000OutageProbThresh-5iid-eps-conver
ted-to.pdf>
(epstopdf)                    date: 2017-04-24 13:46:48
(epstopdf)                    size: 10295 bytes
(epstopdf)             Command: <repstopdf --outfile=MaxMax1000OutageProbThresh
-5iid-eps-converted-to.pdf MaxMax1000OutageProbThresh-5iid.eps>
(epstopdf)             \includegraphics on input line 322.
Package epstopdf Info: Output file is already uptodate.

<MaxMax1000OutageProbThresh-5iid-eps-converted-to.pdf, id=73, 562.1pt x 421.575
pt>
File: MaxMax1000OutageProbThresh-5iid-eps-converted-to.pdf Graphic file (type p
df)
 <use MaxMax1000OutageProbThresh-5iid-eps-converted-to.pdf>
Package pdftex.def Info: MaxMax1000OutageProbThresh-5iid-eps-converted-to.pdf u
sed on input line 322.
(pdftex.def)             Requested size: 256.0748pt x 192.05493pt.

Overfull \hbox (4.0748pt too wide) in paragraph at lines 322--323
 [][] 
 []

Package epstopdf Info: Source file: <ODthresh-5iidNB.eps>
(epstopdf)                    date: 2017-04-07 10:15:30
(epstopdf)                    size: 99206 bytes
(epstopdf)             Output file: <ODthresh-5iidNB-eps-converted-to.pdf>
(epstopdf)                    date: 2017-04-24 13:46:48
(epstopdf)                    size: 9868 bytes
(epstopdf)             Command: <repstopdf --outfile=ODthresh-5iidNB-eps-conver
ted-to.pdf ODthresh-5iidNB.eps>
(epstopdf)             \includegraphics on input line 332.
Package epstopdf Info: Output file is already uptodate.
<ODthresh-5iidNB-eps-converted-to.pdf, id=74, 661.47125pt x 595.22375pt>
File: ODthresh-5iidNB-eps-converted-to.pdf Graphic file (type pdf)

<use ODthresh-5iidNB-eps-converted-to.pdf>
Package pdftex.def Info: ODthresh-5iidNB-eps-converted-to.pdf used on input lin
e 332.
(pdftex.def)             Requested size: 156.49014pt x 140.81308pt.
Package epstopdf Info: Source file: <ODthresh-5DeCorr20NBMode2.eps>
(epstopdf)                    date: 2017-04-24 15:10:13
(epstopdf)                    size: 103048 bytes
(epstopdf)             Output file: <ODthresh-5DeCorr20NBMode2-eps-converted-to
.pdf>
(epstopdf)                    date: 2017-04-24 15:18:46
(epstopdf)                    size: 10670 bytes
(epstopdf)             Command: <repstopdf --outfile=ODthresh-5DeCorr20NBMode2-
eps-converted-to.pdf ODthresh-5DeCorr20NBMode2.eps>
(epstopdf)             \includegraphics on input line 338.
Package epstopdf Info: Output file is already uptodate.

<ODthresh-5DeCorr20NBMode2-eps-converted-to.pdf, id=75, 662.475pt x 587.19376pt
>
File: ODthresh-5DeCorr20NBMode2-eps-converted-to.pdf Graphic file (type pdf)
 <use ODthresh-5DeCorr20NBMode2-eps-converted-to.pdf>
Package pdftex.def Info: ODthresh-5DeCorr20NBMode2-eps-converted-to.pdf used on
 input line 338.
(pdftex.def)             Requested size: 156.49014pt x 138.70734pt.

Underfull \hbox (badness 1946) in paragraph at lines 338--338
[]\OT1/ptm/m/n/8 (b) Cor-re-lated shadow fad-ing with $\OT1/cmr/m/n/8 20\OML/cm
m/m/it/8 m$ \OT1/ptm/m/n/8 de-
 []

Package epstopdf Info: Source file: <ODthresh-5DeCorr200NBMode2.eps>
(epstopdf)                    date: 2017-04-24 15:27:10
(epstopdf)                    size: 118809 bytes
(epstopdf)             Output file: <ODthresh-5DeCorr200NBMode2-eps-converted-t
o.pdf>
(epstopdf)                    date: 2017-04-24 15:27:15
(epstopdf)                    size: 14068 bytes
(epstopdf)             Command: <repstopdf --outfile=ODthresh-5DeCorr200NBMode2
-eps-converted-to.pdf ODthresh-5DeCorr200NBMode2.eps>
(epstopdf)             \includegraphics on input line 344.
Package epstopdf Info: Output file is already uptodate.

<ODthresh-5DeCorr200NBMode2-eps-converted-to.pdf, id=76, 664.4825pt x 587.19376
pt>
File: ODthresh-5DeCorr200NBMode2-eps-converted-to.pdf Graphic file (type pdf)
 <use ODthresh-5DeCorr200NBMode2-eps-converted-to.pdf>
Package pdftex.def Info: ODthresh-5DeCorr200NBMode2-eps-converted-to.pdf used o
n input line 344.
(pdftex.def)             Requested size: 156.49014pt x 138.28622pt.
Package epstopdf Info: Source file: <ODthresh-5iidMax.eps>
(epstopdf)                    date: 2017-04-07 10:15:30
(epstopdf)                    size: 98496 bytes
(epstopdf)             Output file: <ODthresh-5iidMax-eps-converted-to.pdf>
(epstopdf)                    date: 2017-04-24 13:46:49
(epstopdf)                    size: 9608 bytes
(epstopdf)             Command: <repstopdf --outfile=ODthresh-5iidMax-eps-conve
rted-to.pdf ODthresh-5iidMax.eps>
(epstopdf)             \includegraphics on input line 354.
Package epstopdf Info: Output file is already uptodate.

<ODthresh-5iidMax-eps-converted-to.pdf, id=77, 660.4675pt x 595.22375pt>
File: ODthresh-5iidMax-eps-converted-to.pdf Graphic file (type pdf)

<use ODthresh-5iidMax-eps-converted-to.pdf>
Package pdftex.def Info: ODthresh-5iidMax-eps-converted-to.pdf used on input li
ne 354.
(pdftex.def)             Requested size: 156.49014pt x 141.03105pt.
Package epstopdf Info: Source file: <ODthresh-5DeCorr20MaxMode2.eps>
(epstopdf)                    date: 2017-04-24 15:16:44
(epstopdf)                    size: 102943 bytes
(epstopdf)             Output file: <ODthresh-5DeCorr20MaxMode2-eps-converted-t
o.pdf>
(epstopdf)                    date: 2017-04-24 15:19:33
(epstopdf)                    size: 10582 bytes
(epstopdf)             Command: <repstopdf --outfile=ODthresh-5DeCorr20MaxMode2
-eps-converted-to.pdf ODthresh-5DeCorr20MaxMode2.eps>
(epstopdf)             \includegraphics on input line 360.
Package epstopdf Info: Output file is already uptodate.

<ODthresh-5DeCorr20MaxMode2-eps-converted-to.pdf, id=78, 662.475pt x 587.19376p
t>
File: ODthresh-5DeCorr20MaxMode2-eps-converted-to.pdf Graphic file (type pdf)
 <use ODthresh-5DeCorr20MaxMode2-eps-converted-to.pdf>
Package pdftex.def Info: ODthresh-5DeCorr20MaxMode2-eps-converted-to.pdf used o
n input line 360.
(pdftex.def)             Requested size: 156.49014pt x 138.70734pt.

Underfull \hbox (badness 1946) in paragraph at lines 360--360
[]\OT1/ptm/m/n/8 (b) Cor-re-lated shadow fad-ing with $\OT1/cmr/m/n/8 20\OML/cm
m/m/it/8 m$ \OT1/ptm/m/n/8 de-
 []

Package epstopdf Info: Source file: <ODthresh-5DeCorr200MaxMode2.eps>
(epstopdf)                    date: 2017-04-24 15:24:30
(epstopdf)                    size: 117416 bytes
(epstopdf)             Output file: <ODthresh-5DeCorr200MaxMode2-eps-converted-
to.pdf>
(epstopdf)                    date: 2017-04-24 15:27:16
(epstopdf)                    size: 13781 bytes
(epstopdf)             Command: <repstopdf --outfile=ODthresh-5DeCorr200MaxMode
2-eps-converted-to.pdf ODthresh-5DeCorr200MaxMode2.eps>
(epstopdf)             \includegraphics on input line 366.
Package epstopdf Info: Output file is already uptodate.

<ODthresh-5DeCorr200MaxMode2-eps-converted-to.pdf, id=79, 663.47874pt x 587.193
76pt>
File: ODthresh-5DeCorr200MaxMode2-eps-converted-to.pdf Graphic file (type pdf)
 <use ODthresh-5DeCorr200MaxMode2-eps-converted-to.pdf>
Package pdftex.def Info: ODthresh-5DeCorr200MaxMode2-eps-converted-to.pdf used 
on input line 366.
(pdftex.def)             Requested size: 156.49014pt x 138.4923pt.

Underfull \vbox (badness 5847) has occurred while \output is active []

 [5 <./GridVSRandom-eps-converted-to.pdf> <./OutageProbGridVSRandom-eps-convert
ed-to.pdf>]
Underfull \vbox (badness 3375) has occurred while \output is active []


Underfull \vbox (badness 10000) has occurred while \output is active []

 [6 <./NBMax1000OutageProbCDFiid-eps-converted-to.pdf> <./NBMax1000OutageProbCD
FDeCorr20-eps-converted-to.pdf> <./NBMax1000OutageProbCDFDeCorr200-eps-converte
d-to.pdf> <./MaxMax1000OutageProbCDFiid-eps-converted-to.pdf> <./MaxMax1000Outa
geProbCDFDeCorr20-eps-converted-to.pdf> <./MaxMax1000OutageProbCDFDeCorr200-eps
-converted-to.pdf> <./NBMax1000OutageProbThresh-5iid-eps-converted-to.pdf> <./M
axMax1000OutageProbThresh-5iid-eps-converted-to.pdf>]
Underfull \vbox (badness 10000) has occurred while \output is active []

 [7 <./ODthresh-5iidNB-eps-converted-to.pdf> <./ODthresh-5DeCorr20NBMode2-eps-c
onverted-to.pdf> <./ODthresh-5DeCorr200NBMode2-eps-converted-to.pdf> <./ODthres
h-5iidMax-eps-converted-to.pdf> <./ODthresh-5DeCorr20MaxMode2-eps-converted-to.
pdf> <./ODthresh-5DeCorr200MaxMode2-eps-converted-to.pdf>] (./VTS.bbl) [8] [9

] (./VTS.aux) ) 
Here is how much of TeX's memory you used:
 4877 strings out of 493014
 71396 string characters out of 6133351
 144066 words of memory out of 5000000
 8312 multiletter control sequences out of 15000+600000
 46229 words of font info for 98 fonts, out of 8000000 for 9000
 1141 hyphenation exceptions out of 8191
 38i,19n,28p,3321b,258s stack positions out of 5000i,500n,10000p,200000b,80000s
{/usr/local/texlive/2016/texmf-dist/fonts/enc/dvips/base/8r.enc}
</usr/local/texlive/2016/texmf-dist/fonts/type1/public/amsfonts/cm/cmbx10.pfb><
/usr/local/texlive/2016/texmf-dist/fonts/type1/public/amsfonts/cm/cmbx7.pfb></u
sr/local/texlive/2016/texmf-dist/fonts/type1/public/amsfonts/cm/cmex10.pfb></us
r/local/texlive/2016/texmf-dist/fonts/type1/public/amsfonts/cm/cmmi10.pfb></usr
/local/texlive/2016/texmf-dist/fonts/type1/public/amsfonts/cm/cmmi5.pfb></usr/l
ocal/texlive/2016/texmf-dist/fonts/type1/public/amsfonts/cm/cmmi6.pfb></usr/loc
al/texlive/2016/texmf-dist/fonts/type1/public/amsfonts/cm/cmmi7.pfb></usr/local
/texlive/2016/texmf-dist/fonts/type1/public/amsfonts/cm/cmmi8.pfb></usr/local/t
exlive/2016/texmf-dist/fonts/type1/public/amsfonts/cm/cmmib10.pfb></usr/local/t
exlive/2016/texmf-dist/fonts/type1/public/amsfonts/cm/cmr10.pfb></usr/local/tex
live/2016/texmf-dist/fonts/type1/public/amsfonts/cm/cmr5.pfb></usr/local/texliv
e/2016/texmf-dist/fonts/type1/public/amsfonts/cm/cmr6.pfb></usr/local/texlive/2
016/texmf-dist/fonts/type1/public/amsfonts/cm/cmr7.pfb></usr/local/texlive/2016
/texmf-dist/fonts/type1/public/amsfonts/cm/cmr8.pfb></usr/local/texlive/2016/te
xmf-dist/fonts/type1/public/amsfonts/cm/cmsy10.pfb></usr/local/texlive/2016/tex
mf-dist/fonts/type1/public/amsfonts/cm/cmsy7.pfb></usr/local/texlive/2016/texmf
-dist/fonts/type1/public/amsfonts/cm/cmsy8.pfb></usr/local/texlive/2016/texmf-d
ist/fonts/type1/public/amsfonts/symbols/msam10.pfb></usr/local/texlive/2016/tex
mf-dist/fonts/type1/urw/times/utmb8a.pfb></usr/local/texlive/2016/texmf-dist/fo
nts/type1/urw/times/utmbi8a.pfb></usr/local/texlive/2016/texmf-dist/fonts/type1
/urw/times/utmr8a.pfb></usr/local/texlive/2016/texmf-dist/fonts/type1/urw/times
/utmri8a.pfb>
Output written on VTS.pdf (9 pages, 1168224 bytes).
PDF statistics:
 348 PDF objects out of 1000 (max. 8388607)
 238 compressed objects within 3 object streams
 0 named destinations out of 1000 (max. 500000)
 101 words of extra memory for PDF output out of 10000 (max. 10000000)

